feature/addaccount/build/intermediates/manifest_merge_blame_file/debug/processDebugManifest/manifest-merger-blame-debug-report.txt
1<?xml version="1.0" encoding="utf-8"?>
2<manifest xmlns:android="http://schemas.android.com/apk/res/android"
3    package="tm.khang.kauthenticator.feature.addaccount" >
4
5    <uses-sdk android:minSdkVersion="26" />
6
7    <uses-permission android:name="android.permission.CAMERA" />
7-->src/main/AndroidManifest.xml:2:5-65
7-->src/main/AndroidManifest.xml:2:22-62
8
9    <uses-feature
9-->src/main/AndroidManifest.xml:4:5-6:36
10        android:name="android.hardware.camera.any"
10-->src/main/AndroidManifest.xml:5:9-51
11        android:required="false" />
11-->src/main/AndroidManifest.xml:6:9-33
12
13</manifest>